{
  "seleniumLog": [
    {
      "commandName": "get",
      "args": [
        "{url=http://www.flipkart.com}"
      ],
      "result": "null",
      "subLogs": [],
      "duration": 9211
    },
    {
      "commandName": "findElement",
      "args": [
        "{value=.//a[href='/mobiles?otracker=hp_nmenu_quicklinks_Mobiles'], using=xpath}"
      ],
      "result": "no such element: Unable to locate element: {\"method\":\"xpath\",\"selector\":\".//a[href='/mobiles?otracker=hp_nmenu_quicklinks_Mobiles']\"}\n  (Session info: chrome=57.0.2987.133)\n  (Driver info: chromedriver=2.24.417431 (9aea000394714d2fbb20850021f6204f2256b9cf),platform=Windows NT 6.2.9200 x86_64) (WARNING: The server did not provide any stacktrace information)\nCommand duration or timeout: 52 milliseconds\nFor documentation on this error, please visit: http://seleniumhq.org/exceptions/no_such_element.html\nBuild info: version: '3.0.1', revision: '1969d75', time: '2016-10-18 09:49:13 -0700'\nSystem info: host: 'ICPL11544', ip: '10.11.31.147', os.name: 'Windows 8', os.arch: 'amd64', os.version: '6.2', java.version: '1.8.0_121'\nDriver info: com.qmetry.qaf.automation.ui.webdriver.QAFExtendedWebDriver\nCapabilities [{applicationCacheEnabled=false, rotatable=false, mobileEmulationEnabled=false, networkConnectionEnabled=false, chrome={chromedriverVersion=2.24.417431 (9aea000394714d2fbb20850021f6204f2256b9cf), userDataDir=C:\\Users\\TANVEE~1.MAH\\AppData\\Local\\Temp\\scoped_dir6328_5568}, takesHeapSnapshot=true, pageLoadStrategy=normal, databaseEnabled=false, handlesAlerts=true, hasTouchScreen=false, version=57.0.2987.133, platform=WIN8, browserConnectionEnabled=false, nativeEvents=true, acceptSslCerts=true, locationContextEnabled=true, webStorageEnabled=true, browserName=chrome, takesScreenshot=true, javascriptEnabled=true, cssSelectorsEnabled=true}]\nSession ID: 966e5b7cb399b18accf15a20a66421b8\n*** Element info: {Using=xpath, value=.//a[href='/mobiles?otracker=hp_nmenu_quicklinks_Mobiles']}",
      "subLogs": [],
      "duration": 52
    },
    {
      "commandName": "findElement",
      "args": [
        "{value=.//a[href='/mobiles?otracker=hp_nmenu_quicklinks_Mobiles'], using=xpath}"
      ],
      "result": "no such element: Unable to locate element: {\"method\":\"xpath\",\"selector\":\".//a[href='/mobiles?otracker=hp_nmenu_quicklinks_Mobiles']\"}\n  (Session info: chrome=57.0.2987.133)\n  (Driver info: chromedriver=2.24.417431 (9aea000394714d2fbb20850021f6204f2256b9cf),platform=Windows NT 6.2.9200 x86_64) (WARNING: The server did not provide any stacktrace information)\nCommand duration or timeout: 32 milliseconds\nFor documentation on this error, please visit: http://seleniumhq.org/exceptions/no_such_element.html\nBuild info: version: '3.0.1', revision: '1969d75', time: '2016-10-18 09:49:13 -0700'\nSystem info: host: 'ICPL11544', ip: '10.11.31.147', os.name: 'Windows 8', os.arch: 'amd64', os.version: '6.2', java.version: '1.8.0_121'\nDriver info: com.qmetry.qaf.automation.ui.webdriver.QAFExtendedWebDriver\nCapabilities [{applicationCacheEnabled=false, rotatable=false, mobileEmulationEnabled=false, networkConnectionEnabled=false, chrome={chromedriverVersion=2.24.417431 (9aea000394714d2fbb20850021f6204f2256b9cf), userDataDir=C:\\Users\\TANVEE~1.MAH\\AppData\\Local\\Temp\\scoped_dir6328_5568}, takesHeapSnapshot=true, pageLoadStrategy=normal, databaseEnabled=false, handlesAlerts=true, hasTouchScreen=false, version=57.0.2987.133, platform=WIN8, browserConnectionEnabled=false, nativeEvents=true, acceptSslCerts=true, locationContextEnabled=true, webStorageEnabled=true, browserName=chrome, takesScreenshot=true, javascriptEnabled=true, cssSelectorsEnabled=true}]\nSession ID: 966e5b7cb399b18accf15a20a66421b8\n*** Element info: {Using=xpath, value=.//a[href='/mobiles?otracker=hp_nmenu_quicklinks_Mobiles']}",
      "subLogs": [],
      "duration": 32
    },
    {
      "commandName": "findElement",
      "args": [
        "{value=.//a[href='/mobiles?otracker=hp_nmenu_quicklinks_Mobiles'], using=xpath}"
      ],
      "result": "no such element: Unable to locate element: {\"method\":\"xpath\",\"selector\":\".//a[href='/mobiles?otracker=hp_nmenu_quicklinks_Mobiles']\"}\n  (Session info: chrome=57.0.2987.133)\n  (Driver info: chromedriver=2.24.417431 (9aea000394714d2fbb20850021f6204f2256b9cf),platform=Windows NT 6.2.9200 x86_64) (WARNING: The server did not provide any stacktrace information)\nCommand duration or timeout: 2 milliseconds\nFor documentation on this error, please visit: http://seleniumhq.org/exceptions/no_such_element.html\nBuild info: version: '3.0.1', revision: '1969d75', time: '2016-10-18 09:49:13 -0700'\nSystem info: host: 'ICPL11544', ip: '10.11.31.147', os.name: 'Windows 8', os.arch: 'amd64', os.version: '6.2', java.version: '1.8.0_121'\nDriver info: com.qmetry.qaf.automation.ui.webdriver.QAFExtendedWebDriver\nCapabilities [{applicationCacheEnabled=false, rotatable=false, mobileEmulationEnabled=false, networkConnectionEnabled=false, chrome={chromedriverVersion=2.24.417431 (9aea000394714d2fbb20850021f6204f2256b9cf), userDataDir=C:\\Users\\TANVEE~1.MAH\\AppData\\Local\\Temp\\scoped_dir6328_5568}, takesHeapSnapshot=true, pageLoadStrategy=normal, databaseEnabled=false, handlesAlerts=true, hasTouchScreen=false, version=57.0.2987.133, platform=WIN8, browserConnectionEnabled=false, nativeEvents=true, acceptSslCerts=true, locationContextEnabled=true, webStorageEnabled=true, browserName=chrome, takesScreenshot=true, javascriptEnabled=true, cssSelectorsEnabled=true}]\nSession ID: 966e5b7cb399b18accf15a20a66421b8\n*** Element info: {Using=xpath, value=.//a[href='/mobiles?otracker=hp_nmenu_quicklinks_Mobiles']}",
      "subLogs": [],
      "duration": 2
    },
    {
      "commandName": "findElement",
      "args": [
        "{value=.//a[href='/mobiles?otracker=hp_nmenu_quicklinks_Mobiles'], using=xpath}"
      ],
      "result": "no such element: Unable to locate element: {\"method\":\"xpath\",\"selector\":\".//a[href='/mobiles?otracker=hp_nmenu_quicklinks_Mobiles']\"}\n  (Session info: chrome=57.0.2987.133)\n  (Driver info: chromedriver=2.24.417431 (9aea000394714d2fbb20850021f6204f2256b9cf),platform=Windows NT 6.2.9200 x86_64) (WARNING: The server did not provide any stacktrace information)\nCommand duration or timeout: 15 milliseconds\nFor documentation on this error, please visit: http://seleniumhq.org/exceptions/no_such_element.html\nBuild info: version: '3.0.1', revision: '1969d75', time: '2016-10-18 09:49:13 -0700'\nSystem info: host: 'ICPL11544', ip: '10.11.31.147', os.name: 'Windows 8', os.arch: 'amd64', os.version: '6.2', java.version: '1.8.0_121'\nDriver info: com.qmetry.qaf.automation.ui.webdriver.QAFExtendedWebDriver\nCapabilities [{applicationCacheEnabled=false, rotatable=false, mobileEmulationEnabled=false, networkConnectionEnabled=false, chrome={chromedriverVersion=2.24.417431 (9aea000394714d2fbb20850021f6204f2256b9cf), userDataDir=C:\\Users\\TANVEE~1.MAH\\AppData\\Local\\Temp\\scoped_dir6328_5568}, takesHeapSnapshot=true, pageLoadStrategy=normal, databaseEnabled=false, handlesAlerts=true, hasTouchScreen=false, version=57.0.2987.133, platform=WIN8, browserConnectionEnabled=false, nativeEvents=true, acceptSslCerts=true, locationContextEnabled=true, webStorageEnabled=true, browserName=chrome, takesScreenshot=true, javascriptEnabled=true, cssSelectorsEnabled=true}]\nSession ID: 966e5b7cb399b18accf15a20a66421b8\n*** Element info: {Using=xpath, value=.//a[href='/mobiles?otracker=hp_nmenu_quicklinks_Mobiles']}",
      "subLogs": [],
      "duration": 15
    },
    {
      "commandName": "findElement",
      "args": [
        "{value=.//a[href='/mobiles?otracker=hp_nmenu_quicklinks_Mobiles'], using=xpath}"
      ],
      "result": "no such element: Unable to locate element: {\"method\":\"xpath\",\"selector\":\".//a[href='/mobiles?otracker=hp_nmenu_quicklinks_Mobiles']\"}\n  (Session info: chrome=57.0.2987.133)\n  (Driver info: chromedriver=2.24.417431 (9aea000394714d2fbb20850021f6204f2256b9cf),platform=Windows NT 6.2.9200 x86_64) (WARNING: The server did not provide any stacktrace information)\nCommand duration or timeout: 48 milliseconds\nFor documentation on this error, please visit: http://seleniumhq.org/exceptions/no_such_element.html\nBuild info: version: '3.0.1', revision: '1969d75', time: '2016-10-18 09:49:13 -0700'\nSystem info: host: 'ICPL11544', ip: '10.11.31.147', os.name: 'Windows 8', os.arch: 'amd64', os.version: '6.2', java.version: '1.8.0_121'\nDriver info: com.qmetry.qaf.automation.ui.webdriver.QAFExtendedWebDriver\nCapabilities [{applicationCacheEnabled=false, rotatable=false, mobileEmulationEnabled=false, networkConnectionEnabled=false, chrome={chromedriverVersion=2.24.417431 (9aea000394714d2fbb20850021f6204f2256b9cf), userDataDir=C:\\Users\\TANVEE~1.MAH\\AppData\\Local\\Temp\\scoped_dir6328_5568}, takesHeapSnapshot=true, pageLoadStrategy=normal, databaseEnabled=false, handlesAlerts=true, hasTouchScreen=false, version=57.0.2987.133, platform=WIN8, browserConnectionEnabled=false, nativeEvents=true, acceptSslCerts=true, locationContextEnabled=true, webStorageEnabled=true, browserName=chrome, takesScreenshot=true, javascriptEnabled=true, cssSelectorsEnabled=true}]\nSession ID: 966e5b7cb399b18accf15a20a66421b8\n*** Element info: {Using=xpath, value=.//a[href='/mobiles?otracker=hp_nmenu_quicklinks_Mobiles']}",
      "subLogs": [],
      "duration": 48
    },
    {
      "commandName": "findElement",
      "args": [
        "{value=.//a[href='/mobiles?otracker=hp_nmenu_quicklinks_Mobiles'], using=xpath}"
      ],
      "result": "no such element: Unable to locate element: {\"method\":\"xpath\",\"selector\":\".//a[href='/mobiles?otracker=hp_nmenu_quicklinks_Mobiles']\"}\n  (Session info: chrome=57.0.2987.133)\n  (Driver info: chromedriver=2.24.417431 (9aea000394714d2fbb20850021f6204f2256b9cf),platform=Windows NT 6.2.9200 x86_64) (WARNING: The server did not provide any stacktrace information)\nCommand duration or timeout: 15 milliseconds\nFor documentation on this error, please visit: http://seleniumhq.org/exceptions/no_such_element.html\nBuild info: version: '3.0.1', revision: '1969d75', time: '2016-10-18 09:49:13 -0700'\nSystem info: host: 'ICPL11544', ip: '10.11.31.147', os.name: 'Windows 8', os.arch: 'amd64', os.version: '6.2', java.version: '1.8.0_121'\nDriver info: com.qmetry.qaf.automation.ui.webdriver.QAFExtendedWebDriver\nCapabilities [{applicationCacheEnabled=false, rotatable=false, mobileEmulationEnabled=false, networkConnectionEnabled=false, chrome={chromedriverVersion=2.24.417431 (9aea000394714d2fbb20850021f6204f2256b9cf), userDataDir=C:\\Users\\TANVEE~1.MAH\\AppData\\Local\\Temp\\scoped_dir6328_5568}, takesHeapSnapshot=true, pageLoadStrategy=normal, databaseEnabled=false, handlesAlerts=true, hasTouchScreen=false, version=57.0.2987.133, platform=WIN8, browserConnectionEnabled=false, nativeEvents=true, acceptSslCerts=true, locationContextEnabled=true, webStorageEnabled=true, browserName=chrome, takesScreenshot=true, javascriptEnabled=true, cssSelectorsEnabled=true}]\nSession ID: 966e5b7cb399b18accf15a20a66421b8\n*** Element info: {Using=xpath, value=.//a[href='/mobiles?otracker=hp_nmenu_quicklinks_Mobiles']}",
      "subLogs": [],
      "duration": 15
    },
    {
      "commandName": "findElement",
      "args": [
        "{value=.//a[href='/mobiles?otracker=hp_nmenu_quicklinks_Mobiles'], using=xpath}"
      ],
      "result": "no such element: Unable to locate element: {\"method\":\"xpath\",\"selector\":\".//a[href='/mobiles?otracker=hp_nmenu_quicklinks_Mobiles']\"}\n  (Session info: chrome=57.0.2987.133)\n  (Driver info: chromedriver=2.24.417431 (9aea000394714d2fbb20850021f6204f2256b9cf),platform=Windows NT 6.2.9200 x86_64) (WARNING: The server did not provide any stacktrace information)\nCommand duration or timeout: 16 milliseconds\nFor documentation on this error, please visit: http://seleniumhq.org/exceptions/no_such_element.html\nBuild info: version: '3.0.1', revision: '1969d75', time: '2016-10-18 09:49:13 -0700'\nSystem info: host: 'ICPL11544', ip: '10.11.31.147', os.name: 'Windows 8', os.arch: 'amd64', os.version: '6.2', java.version: '1.8.0_121'\nDriver info: com.qmetry.qaf.automation.ui.webdriver.QAFExtendedWebDriver\nCapabilities [{applicationCacheEnabled=false, rotatable=false, mobileEmulationEnabled=false, networkConnectionEnabled=false, chrome={chromedriverVersion=2.24.417431 (9aea000394714d2fbb20850021f6204f2256b9cf), userDataDir=C:\\Users\\TANVEE~1.MAH\\AppData\\Local\\Temp\\scoped_dir6328_5568}, takesHeapSnapshot=true, pageLoadStrategy=normal, databaseEnabled=false, handlesAlerts=true, hasTouchScreen=false, version=57.0.2987.133, platform=WIN8, browserConnectionEnabled=false, nativeEvents=true, acceptSslCerts=true, locationContextEnabled=true, webStorageEnabled=true, browserName=chrome, takesScreenshot=true, javascriptEnabled=true, cssSelectorsEnabled=true}]\nSession ID: 966e5b7cb399b18accf15a20a66421b8\n*** Element info: {Using=xpath, value=.//a[href='/mobiles?otracker=hp_nmenu_quicklinks_Mobiles']}",
      "subLogs": [],
      "duration": 16
    },
    {
      "commandName": "findElement",
      "args": [
        "{value=.//a[href='/mobiles?otracker=hp_nmenu_quicklinks_Mobiles'], using=xpath}"
      ],
      "result": "no such element: Unable to locate element: {\"method\":\"xpath\",\"selector\":\".//a[href='/mobiles?otracker=hp_nmenu_quicklinks_Mobiles']\"}\n  (Session info: chrome=57.0.2987.133)\n  (Driver info: chromedriver=2.24.417431 (9aea000394714d2fbb20850021f6204f2256b9cf),platform=Windows NT 6.2.9200 x86_64) (WARNING: The server did not provide any stacktrace information)\nCommand duration or timeout: 16 milliseconds\nFor documentation on this error, please visit: http://seleniumhq.org/exceptions/no_such_element.html\nBuild info: version: '3.0.1', revision: '1969d75', time: '2016-10-18 09:49:13 -0700'\nSystem info: host: 'ICPL11544', ip: '10.11.31.147', os.name: 'Windows 8', os.arch: 'amd64', os.version: '6.2', java.version: '1.8.0_121'\nDriver info: com.qmetry.qaf.automation.ui.webdriver.QAFExtendedWebDriver\nCapabilities [{applicationCacheEnabled=false, rotatable=false, mobileEmulationEnabled=false, networkConnectionEnabled=false, chrome={chromedriverVersion=2.24.417431 (9aea000394714d2fbb20850021f6204f2256b9cf), userDataDir=C:\\Users\\TANVEE~1.MAH\\AppData\\Local\\Temp\\scoped_dir6328_5568}, takesHeapSnapshot=true, pageLoadStrategy=normal, databaseEnabled=false, handlesAlerts=true, hasTouchScreen=false, version=57.0.2987.133, platform=WIN8, browserConnectionEnabled=false, nativeEvents=true, acceptSslCerts=true, locationContextEnabled=true, webStorageEnabled=true, browserName=chrome, takesScreenshot=true, javascriptEnabled=true, cssSelectorsEnabled=true}]\nSession ID: 966e5b7cb399b18accf15a20a66421b8\n*** Element info: {Using=xpath, value=.//a[href='/mobiles?otracker=hp_nmenu_quicklinks_Mobiles']}",
      "subLogs": [],
      "duration": 16
    },
    {
      "commandName": "findElement",
      "args": [
        "{value=.//a[href='/mobiles?otracker=hp_nmenu_quicklinks_Mobiles'], using=xpath}"
      ],
      "result": "no such element: Unable to locate element: {\"method\":\"xpath\",\"selector\":\".//a[href='/mobiles?otracker=hp_nmenu_quicklinks_Mobiles']\"}\n  (Session info: chrome=57.0.2987.133)\n  (Driver info: chromedriver=2.24.417431 (9aea000394714d2fbb20850021f6204f2256b9cf),platform=Windows NT 6.2.9200 x86_64) (WARNING: The server did not provide any stacktrace information)\nCommand duration or timeout: 15 milliseconds\nFor documentation on this error, please visit: http://seleniumhq.org/exceptions/no_such_element.html\nBuild info: version: '3.0.1', revision: '1969d75', time: '2016-10-18 09:49:13 -0700'\nSystem info: host: 'ICPL11544', ip: '10.11.31.147', os.name: 'Windows 8', os.arch: 'amd64', os.version: '6.2', java.version: '1.8.0_121'\nDriver info: com.qmetry.qaf.automation.ui.webdriver.QAFExtendedWebDriver\nCapabilities [{applicationCacheEnabled=false, rotatable=false, mobileEmulationEnabled=false, networkConnectionEnabled=false, chrome={chromedriverVersion=2.24.417431 (9aea000394714d2fbb20850021f6204f2256b9cf), userDataDir=C:\\Users\\TANVEE~1.MAH\\AppData\\Local\\Temp\\scoped_dir6328_5568}, takesHeapSnapshot=true, pageLoadStrategy=normal, databaseEnabled=false, handlesAlerts=true, hasTouchScreen=false, version=57.0.2987.133, platform=WIN8, browserConnectionEnabled=false, nativeEvents=true, acceptSslCerts=true, locationContextEnabled=true, webStorageEnabled=true, browserName=chrome, takesScreenshot=true, javascriptEnabled=true, cssSelectorsEnabled=true}]\nSession ID: 966e5b7cb399b18accf15a20a66421b8\n*** Element info: {Using=xpath, value=.//a[href='/mobiles?otracker=hp_nmenu_quicklinks_Mobiles']}",
      "subLogs": [],
      "duration": 15
    },
    {
      "commandName": "findElement",
      "args": [
        "{value=.//a[href='/mobiles?otracker=hp_nmenu_quicklinks_Mobiles'], using=xpath}"
      ],
      "result": "no such element: Unable to locate element: {\"method\":\"xpath\",\"selector\":\".//a[href='/mobiles?otracker=hp_nmenu_quicklinks_Mobiles']\"}\n  (Session info: chrome=57.0.2987.133)\n  (Driver info: chromedriver=2.24.417431 (9aea000394714d2fbb20850021f6204f2256b9cf),platform=Windows NT 6.2.9200 x86_64) (WARNING: The server did not provide any stacktrace information)\nCommand duration or timeout: 2 milliseconds\nFor documentation on this error, please visit: http://seleniumhq.org/exceptions/no_such_element.html\nBuild info: version: '3.0.1', revision: '1969d75', time: '2016-10-18 09:49:13 -0700'\nSystem info: host: 'ICPL11544', ip: '10.11.31.147', os.name: 'Windows 8', os.arch: 'amd64', os.version: '6.2', java.version: '1.8.0_121'\nDriver info: com.qmetry.qaf.automation.ui.webdriver.QAFExtendedWebDriver\nCapabilities [{applicationCacheEnabled=false, rotatable=false, mobileEmulationEnabled=false, networkConnectionEnabled=false, chrome={chromedriverVersion=2.24.417431 (9aea000394714d2fbb20850021f6204f2256b9cf), userDataDir=C:\\Users\\TANVEE~1.MAH\\AppData\\Local\\Temp\\scoped_dir6328_5568}, takesHeapSnapshot=true, pageLoadStrategy=normal, databaseEnabled=false, handlesAlerts=true, hasTouchScreen=false, version=57.0.2987.133, platform=WIN8, browserConnectionEnabled=false, nativeEvents=true, acceptSslCerts=true, locationContextEnabled=true, webStorageEnabled=true, browserName=chrome, takesScreenshot=true, javascriptEnabled=true, cssSelectorsEnabled=true}]\nSession ID: 966e5b7cb399b18accf15a20a66421b8\n*** Element info: {Using=xpath, value=.//a[href='/mobiles?otracker=hp_nmenu_quicklinks_Mobiles']}",
      "subLogs": [],
      "duration": 2
    },
    {
      "commandName": "findElement",
      "args": [
        "{value=.//a[href='/mobiles?otracker=hp_nmenu_quicklinks_Mobiles'], using=xpath}"
      ],
      "result": "no such element: Unable to locate element: {\"method\":\"xpath\",\"selector\":\".//a[href='/mobiles?otracker=hp_nmenu_quicklinks_Mobiles']\"}\n  (Session info: chrome=57.0.2987.133)\n  (Driver info: chromedriver=2.24.417431 (9aea000394714d2fbb20850021f6204f2256b9cf),platform=Windows NT 6.2.9200 x86_64) (WARNING: The server did not provide any stacktrace information)\nCommand duration or timeout: 47 milliseconds\nFor documentation on this error, please visit: http://seleniumhq.org/exceptions/no_such_element.html\nBuild info: version: '3.0.1', revision: '1969d75', time: '2016-10-18 09:49:13 -0700'\nSystem info: host: 'ICPL11544', ip: '10.11.31.147', os.name: 'Windows 8', os.arch: 'amd64', os.version: '6.2', java.version: '1.8.0_121'\nDriver info: com.qmetry.qaf.automation.ui.webdriver.QAFExtendedWebDriver\nCapabilities [{applicationCacheEnabled=false, rotatable=false, mobileEmulationEnabled=false, networkConnectionEnabled=false, chrome={chromedriverVersion=2.24.417431 (9aea000394714d2fbb20850021f6204f2256b9cf), userDataDir=C:\\Users\\TANVEE~1.MAH\\AppData\\Local\\Temp\\scoped_dir6328_5568}, takesHeapSnapshot=true, pageLoadStrategy=normal, databaseEnabled=false, handlesAlerts=true, hasTouchScreen=false, version=57.0.2987.133, platform=WIN8, browserConnectionEnabled=false, nativeEvents=true, acceptSslCerts=true, locationContextEnabled=true, webStorageEnabled=true, browserName=chrome, takesScreenshot=true, javascriptEnabled=true, cssSelectorsEnabled=true}]\nSession ID: 966e5b7cb399b18accf15a20a66421b8\n*** Element info: {Using=xpath, value=.//a[href='/mobiles?otracker=hp_nmenu_quicklinks_Mobiles']}",
      "subLogs": [],
      "duration": 47
    },
    {
      "commandName": "findElement",
      "args": [
        "{value=.//a[href='/mobiles?otracker=hp_nmenu_quicklinks_Mobiles'], using=xpath}"
      ],
      "result": "no such element: Unable to locate element: {\"method\":\"xpath\",\"selector\":\".//a[href='/mobiles?otracker=hp_nmenu_quicklinks_Mobiles']\"}\n  (Session info: chrome=57.0.2987.133)\n  (Driver info: chromedriver=2.24.417431 (9aea000394714d2fbb20850021f6204f2256b9cf),platform=Windows NT 6.2.9200 x86_64) (WARNING: The server did not provide any stacktrace information)\nCommand duration or timeout: 15 milliseconds\nFor documentation on this error, please visit: http://seleniumhq.org/exceptions/no_such_element.html\nBuild info: version: '3.0.1', revision: '1969d75', time: '2016-10-18 09:49:13 -0700'\nSystem info: host: 'ICPL11544', ip: '10.11.31.147', os.name: 'Windows 8', os.arch: 'amd64', os.version: '6.2', java.version: '1.8.0_121'\nDriver info: com.qmetry.qaf.automation.ui.webdriver.QAFExtendedWebDriver\nCapabilities [{applicationCacheEnabled=false, rotatable=false, mobileEmulationEnabled=false, networkConnectionEnabled=false, chrome={chromedriverVersion=2.24.417431 (9aea000394714d2fbb20850021f6204f2256b9cf), userDataDir=C:\\Users\\TANVEE~1.MAH\\AppData\\Local\\Temp\\scoped_dir6328_5568}, takesHeapSnapshot=true, pageLoadStrategy=normal, databaseEnabled=false, handlesAlerts=true, hasTouchScreen=false, version=57.0.2987.133, platform=WIN8, browserConnectionEnabled=false, nativeEvents=true, acceptSslCerts=true, locationContextEnabled=true, webStorageEnabled=true, browserName=chrome, takesScreenshot=true, javascriptEnabled=true, cssSelectorsEnabled=true}]\nSession ID: 966e5b7cb399b18accf15a20a66421b8\n*** Element info: {Using=xpath, value=.//a[href='/mobiles?otracker=hp_nmenu_quicklinks_Mobiles']}",
      "subLogs": [],
      "duration": 15
    },
    {
      "commandName": "findElement",
      "args": [
        "{value=.//a[href='/mobiles?otracker=hp_nmenu_quicklinks_Mobiles'], using=xpath}"
      ],
      "result": "no such element: Unable to locate element: {\"method\":\"xpath\",\"selector\":\".//a[href='/mobiles?otracker=hp_nmenu_quicklinks_Mobiles']\"}\n  (Session info: chrome=57.0.2987.133)\n  (Driver info: chromedriver=2.24.417431 (9aea000394714d2fbb20850021f6204f2256b9cf),platform=Windows NT 6.2.9200 x86_64) (WARNING: The server did not provide any stacktrace information)\nCommand duration or timeout: 16 milliseconds\nFor documentation on this error, please visit: http://seleniumhq.org/exceptions/no_such_element.html\nBuild info: version: '3.0.1', revision: '1969d75', time: '2016-10-18 09:49:13 -0700'\nSystem info: host: 'ICPL11544', ip: '10.11.31.147', os.name: 'Windows 8', os.arch: 'amd64', os.version: '6.2', java.version: '1.8.0_121'\nDriver info: com.qmetry.qaf.automation.ui.webdriver.QAFExtendedWebDriver\nCapabilities [{applicationCacheEnabled=false, rotatable=false, mobileEmulationEnabled=false, networkConnectionEnabled=false, chrome={chromedriverVersion=2.24.417431 (9aea000394714d2fbb20850021f6204f2256b9cf), userDataDir=C:\\Users\\TANVEE~1.MAH\\AppData\\Local\\Temp\\scoped_dir6328_5568}, takesHeapSnapshot=true, pageLoadStrategy=normal, databaseEnabled=false, handlesAlerts=true, hasTouchScreen=false, version=57.0.2987.133, platform=WIN8, browserConnectionEnabled=false, nativeEvents=true, acceptSslCerts=true, locationContextEnabled=true, webStorageEnabled=true, browserName=chrome, takesScreenshot=true, javascriptEnabled=true, cssSelectorsEnabled=true}]\nSession ID: 966e5b7cb399b18accf15a20a66421b8\n*** Element info: {Using=xpath, value=.//a[href='/mobiles?otracker=hp_nmenu_quicklinks_Mobiles']}",
      "subLogs": [],
      "duration": 16
    },
    {
      "commandName": "findElement",
      "args": [
        "{value=.//a[href='/mobiles?otracker=hp_nmenu_quicklinks_Mobiles'], using=xpath}"
      ],
      "result": "no such element: Unable to locate element: {\"method\":\"xpath\",\"selector\":\".//a[href='/mobiles?otracker=hp_nmenu_quicklinks_Mobiles']\"}\n  (Session info: chrome=57.0.2987.133)\n  (Driver info: chromedriver=2.24.417431 (9aea000394714d2fbb20850021f6204f2256b9cf),platform=Windows NT 6.2.9200 x86_64) (WARNING: The server did not provide any stacktrace information)\nCommand duration or timeout: 16 milliseconds\nFor documentation on this error, please visit: http://seleniumhq.org/exceptions/no_such_element.html\nBuild info: version: '3.0.1', revision: '1969d75', time: '2016-10-18 09:49:13 -0700'\nSystem info: host: 'ICPL11544', ip: '10.11.31.147', os.name: 'Windows 8', os.arch: 'amd64', os.version: '6.2', java.version: '1.8.0_121'\nDriver info: com.qmetry.qaf.automation.ui.webdriver.QAFExtendedWebDriver\nCapabilities [{applicationCacheEnabled=false, rotatable=false, mobileEmulationEnabled=false, networkConnectionEnabled=false, chrome={chromedriverVersion=2.24.417431 (9aea000394714d2fbb20850021f6204f2256b9cf), userDataDir=C:\\Users\\TANVEE~1.MAH\\AppData\\Local\\Temp\\scoped_dir6328_5568}, takesHeapSnapshot=true, pageLoadStrategy=normal, databaseEnabled=false, handlesAlerts=true, hasTouchScreen=false, version=57.0.2987.133, platform=WIN8, browserConnectionEnabled=false, nativeEvents=true, acceptSslCerts=true, locationContextEnabled=true, webStorageEnabled=true, browserName=chrome, takesScreenshot=true, javascriptEnabled=true, cssSelectorsEnabled=true}]\nSession ID: 966e5b7cb399b18accf15a20a66421b8\n*** Element info: {Using=xpath, value=.//a[href='/mobiles?otracker=hp_nmenu_quicklinks_Mobiles']}",
      "subLogs": [],
      "duration": 16
    },
    {
      "commandName": "findElement",
      "args": [
        "{value=.//a[href='/mobiles?otracker=hp_nmenu_quicklinks_Mobiles'], using=xpath}"
      ],
      "result": "no such element: Unable to locate element: {\"method\":\"xpath\",\"selector\":\".//a[href='/mobiles?otracker=hp_nmenu_quicklinks_Mobiles']\"}\n  (Session info: chrome=57.0.2987.133)\n  (Driver info: chromedriver=2.24.417431 (9aea000394714d2fbb20850021f6204f2256b9cf),platform=Windows NT 6.2.9200 x86_64) (WARNING: The server did not provide any stacktrace information)\nCommand duration or timeout: 15 milliseconds\nFor documentation on this error, please visit: http://seleniumhq.org/exceptions/no_such_element.html\nBuild info: version: '3.0.1', revision: '1969d75', time: '2016-10-18 09:49:13 -0700'\nSystem info: host: 'ICPL11544', ip: '10.11.31.147', os.name: 'Windows 8', os.arch: 'amd64', os.version: '6.2', java.version: '1.8.0_121'\nDriver info: com.qmetry.qaf.automation.ui.webdriver.QAFExtendedWebDriver\nCapabilities [{applicationCacheEnabled=false, rotatable=false, mobileEmulationEnabled=false, networkConnectionEnabled=false, chrome={chromedriverVersion=2.24.417431 (9aea000394714d2fbb20850021f6204f2256b9cf), userDataDir=C:\\Users\\TANVEE~1.MAH\\AppData\\Local\\Temp\\scoped_dir6328_5568}, takesHeapSnapshot=true, pageLoadStrategy=normal, databaseEnabled=false, handlesAlerts=true, hasTouchScreen=false, version=57.0.2987.133, platform=WIN8, browserConnectionEnabled=false, nativeEvents=true, acceptSslCerts=true, locationContextEnabled=true, webStorageEnabled=true, browserName=chrome, takesScreenshot=true, javascriptEnabled=true, cssSelectorsEnabled=true}]\nSession ID: 966e5b7cb399b18accf15a20a66421b8\n*** Element info: {Using=xpath, value=.//a[href='/mobiles?otracker=hp_nmenu_quicklinks_Mobiles']}",
      "subLogs": [],
      "duration": 15
    },
    {
      "commandName": "findElement",
      "args": [
        "{value=.//a[href='/mobiles?otracker=hp_nmenu_quicklinks_Mobiles'], using=xpath}"
      ],
      "result": "no such element: Unable to locate element: {\"method\":\"xpath\",\"selector\":\".//a[href='/mobiles?otracker=hp_nmenu_quicklinks_Mobiles']\"}\n  (Session info: chrome=57.0.2987.133)\n  (Driver info: chromedriver=2.24.417431 (9aea000394714d2fbb20850021f6204f2256b9cf),platform=Windows NT 6.2.9200 x86_64) (WARNING: The server did not provide any stacktrace information)\nCommand duration or timeout: 16 milliseconds\nFor documentation on this error, please visit: http://seleniumhq.org/exceptions/no_such_element.html\nBuild info: version: '3.0.1', revision: '1969d75', time: '2016-10-18 09:49:13 -0700'\nSystem info: host: 'ICPL11544', ip: '10.11.31.147', os.name: 'Windows 8', os.arch: 'amd64', os.version: '6.2', java.version: '1.8.0_121'\nDriver info: com.qmetry.qaf.automation.ui.webdriver.QAFExtendedWebDriver\nCapabilities [{applicationCacheEnabled=false, rotatable=false, mobileEmulationEnabled=false, networkConnectionEnabled=false, chrome={chromedriverVersion=2.24.417431 (9aea000394714d2fbb20850021f6204f2256b9cf), userDataDir=C:\\Users\\TANVEE~1.MAH\\AppData\\Local\\Temp\\scoped_dir6328_5568}, takesHeapSnapshot=true, pageLoadStrategy=normal, databaseEnabled=false, handlesAlerts=true, hasTouchScreen=false, version=57.0.2987.133, platform=WIN8, browserConnectionEnabled=false, nativeEvents=true, acceptSslCerts=true, locationContextEnabled=true, webStorageEnabled=true, browserName=chrome, takesScreenshot=true, javascriptEnabled=true, cssSelectorsEnabled=true}]\nSession ID: 966e5b7cb399b18accf15a20a66421b8\n*** Element info: {Using=xpath, value=.//a[href='/mobiles?otracker=hp_nmenu_quicklinks_Mobiles']}",
      "subLogs": [],
      "duration": 16
    },
    {
      "commandName": "findElement",
      "args": [
        "{value=.//a[href='/mobiles?otracker=hp_nmenu_quicklinks_Mobiles'], using=xpath}"
      ],
      "result": "no such element: Unable to locate element: {\"method\":\"xpath\",\"selector\":\".//a[href='/mobiles?otracker=hp_nmenu_quicklinks_Mobiles']\"}\n  (Session info: chrome=57.0.2987.133)\n  (Driver info: chromedriver=2.24.417431 (9aea000394714d2fbb20850021f6204f2256b9cf),platform=Windows NT 6.2.9200 x86_64) (WARNING: The server did not provide any stacktrace information)\nCommand duration or timeout: 16 milliseconds\nFor documentation on this error, please visit: http://seleniumhq.org/exceptions/no_such_element.html\nBuild info: version: '3.0.1', revision: '1969d75', time: '2016-10-18 09:49:13 -0700'\nSystem info: host: 'ICPL11544', ip: '10.11.31.147', os.name: 'Windows 8', os.arch: 'amd64', os.version: '6.2', java.version: '1.8.0_121'\nDriver info: com.qmetry.qaf.automation.ui.webdriver.QAFExtendedWebDriver\nCapabilities [{applicationCacheEnabled=false, rotatable=false, mobileEmulationEnabled=false, networkConnectionEnabled=false, chrome={chromedriverVersion=2.24.417431 (9aea000394714d2fbb20850021f6204f2256b9cf), userDataDir=C:\\Users\\TANVEE~1.MAH\\AppData\\Local\\Temp\\scoped_dir6328_5568}, takesHeapSnapshot=true, pageLoadStrategy=normal, databaseEnabled=false, handlesAlerts=true, hasTouchScreen=false, version=57.0.2987.133, platform=WIN8, browserConnectionEnabled=false, nativeEvents=true, acceptSslCerts=true, locationContextEnabled=true, webStorageEnabled=true, browserName=chrome, takesScreenshot=true, javascriptEnabled=true, cssSelectorsEnabled=true}]\nSession ID: 966e5b7cb399b18accf15a20a66421b8\n*** Element info: {Using=xpath, value=.//a[href='/mobiles?otracker=hp_nmenu_quicklinks_Mobiles']}",
      "subLogs": [],
      "duration": 16
    },
    {
      "commandName": "findElement",
      "args": [
        "{value=.//a[href='/mobiles?otracker=hp_nmenu_quicklinks_Mobiles'], using=xpath}"
      ],
      "result": "no such element: Unable to locate element: {\"method\":\"xpath\",\"selector\":\".//a[href='/mobiles?otracker=hp_nmenu_quicklinks_Mobiles']\"}\n  (Session info: chrome=57.0.2987.133)\n  (Driver info: chromedriver=2.24.417431 (9aea000394714d2fbb20850021f6204f2256b9cf),platform=Windows NT 6.2.9200 x86_64) (WARNING: The server did not provide any stacktrace information)\nCommand duration or timeout: 31 milliseconds\nFor documentation on this error, please visit: http://seleniumhq.org/exceptions/no_such_element.html\nBuild info: version: '3.0.1', revision: '1969d75', time: '2016-10-18 09:49:13 -0700'\nSystem info: host: 'ICPL11544', ip: '10.11.31.147', os.name: 'Windows 8', os.arch: 'amd64', os.version: '6.2', java.version: '1.8.0_121'\nDriver info: com.qmetry.qaf.automation.ui.webdriver.QAFExtendedWebDriver\nCapabilities [{applicationCacheEnabled=false, rotatable=false, mobileEmulationEnabled=false, networkConnectionEnabled=false, chrome={chromedriverVersion=2.24.417431 (9aea000394714d2fbb20850021f6204f2256b9cf), userDataDir=C:\\Users\\TANVEE~1.MAH\\AppData\\Local\\Temp\\scoped_dir6328_5568}, takesHeapSnapshot=true, pageLoadStrategy=normal, databaseEnabled=false, handlesAlerts=true, hasTouchScreen=false, version=57.0.2987.133, platform=WIN8, browserConnectionEnabled=false, nativeEvents=true, acceptSslCerts=true, locationContextEnabled=true, webStorageEnabled=true, browserName=chrome, takesScreenshot=true, javascriptEnabled=true, cssSelectorsEnabled=true}]\nSession ID: 966e5b7cb399b18accf15a20a66421b8\n*** Element info: {Using=xpath, value=.//a[href='/mobiles?otracker=hp_nmenu_quicklinks_Mobiles']}",
      "subLogs": [],
      "duration": 31
    },
    {
      "commandName": "findElement",
      "args": [
        "{value=.//a[href='/mobiles?otracker=hp_nmenu_quicklinks_Mobiles'], using=xpath}"
      ],
      "result": "no such element: Unable to locate element: {\"method\":\"xpath\",\"selector\":\".//a[href='/mobiles?otracker=hp_nmenu_quicklinks_Mobiles']\"}\n  (Session info: chrome=57.0.2987.133)\n  (Driver info: chromedriver=2.24.417431 (9aea000394714d2fbb20850021f6204f2256b9cf),platform=Windows NT 6.2.9200 x86_64) (WARNING: The server did not provide any stacktrace information)\nCommand duration or timeout: 15 milliseconds\nFor documentation on this error, please visit: http://seleniumhq.org/exceptions/no_such_element.html\nBuild info: version: '3.0.1', revision: '1969d75', time: '2016-10-18 09:49:13 -0700'\nSystem info: host: 'ICPL11544', ip: '10.11.31.147', os.name: 'Windows 8', os.arch: 'amd64', os.version: '6.2', java.version: '1.8.0_121'\nDriver info: com.qmetry.qaf.automation.ui.webdriver.QAFExtendedWebDriver\nCapabilities [{applicationCacheEnabled=false, rotatable=false, mobileEmulationEnabled=false, networkConnectionEnabled=false, chrome={chromedriverVersion=2.24.417431 (9aea000394714d2fbb20850021f6204f2256b9cf), userDataDir=C:\\Users\\TANVEE~1.MAH\\AppData\\Local\\Temp\\scoped_dir6328_5568}, takesHeapSnapshot=true, pageLoadStrategy=normal, databaseEnabled=false, handlesAlerts=true, hasTouchScreen=false, version=57.0.2987.133, platform=WIN8, browserConnectionEnabled=false, nativeEvents=true, acceptSslCerts=true, locationContextEnabled=true, webStorageEnabled=true, browserName=chrome, takesScreenshot=true, javascriptEnabled=true, cssSelectorsEnabled=true}]\nSession ID: 966e5b7cb399b18accf15a20a66421b8\n*** Element info: {Using=xpath, value=.//a[href='/mobiles?otracker=hp_nmenu_quicklinks_Mobiles']}",
      "subLogs": [],
      "duration": 15
    },
    {
      "commandName": "findElement",
      "args": [
        "{value=.//a[href='/mobiles?otracker=hp_nmenu_quicklinks_Mobiles'], using=xpath}"
      ],
      "result": "no such element: Unable to locate element: {\"method\":\"xpath\",\"selector\":\".//a[href='/mobiles?otracker=hp_nmenu_quicklinks_Mobiles']\"}\n  (Session info: chrome=57.0.2987.133)\n  (Driver info: chromedriver=2.24.417431 (9aea000394714d2fbb20850021f6204f2256b9cf),platform=Windows NT 6.2.9200 x86_64) (WARNING: The server did not provide any stacktrace information)\nCommand duration or timeout: 16 milliseconds\nFor documentation on this error, please visit: http://seleniumhq.org/exceptions/no_such_element.html\nBuild info: version: '3.0.1', revision: '1969d75', time: '2016-10-18 09:49:13 -0700'\nSystem info: host: 'ICPL11544', ip: '10.11.31.147', os.name: 'Windows 8', os.arch: 'amd64', os.version: '6.2', java.version: '1.8.0_121'\nDriver info: com.qmetry.qaf.automation.ui.webdriver.QAFExtendedWebDriver\nCapabilities [{applicationCacheEnabled=false, rotatable=false, mobileEmulationEnabled=false, networkConnectionEnabled=false, chrome={chromedriverVersion=2.24.417431 (9aea000394714d2fbb20850021f6204f2256b9cf), userDataDir=C:\\Users\\TANVEE~1.MAH\\AppData\\Local\\Temp\\scoped_dir6328_5568}, takesHeapSnapshot=true, pageLoadStrategy=normal, databaseEnabled=false, handlesAlerts=true, hasTouchScreen=false, version=57.0.2987.133, platform=WIN8, browserConnectionEnabled=false, nativeEvents=true, acceptSslCerts=true, locationContextEnabled=true, webStorageEnabled=true, browserName=chrome, takesScreenshot=true, javascriptEnabled=true, cssSelectorsEnabled=true}]\nSession ID: 966e5b7cb399b18accf15a20a66421b8\n*** Element info: {Using=xpath, value=.//a[href='/mobiles?otracker=hp_nmenu_quicklinks_Mobiles']}",
      "subLogs": [],
      "duration": 16
    },
    {
      "commandName": "findElement",
      "args": [
        "{value=.//a[href='/mobiles?otracker=hp_nmenu_quicklinks_Mobiles'], using=xpath}"
      ],
      "result": "no such element: Unable to locate element: {\"method\":\"xpath\",\"selector\":\".//a[href='/mobiles?otracker=hp_nmenu_quicklinks_Mobiles']\"}\n  (Session info: chrome=57.0.2987.133)\n  (Driver info: chromedriver=2.24.417431 (9aea000394714d2fbb20850021f6204f2256b9cf),platform=Windows NT 6.2.9200 x86_64) (WARNING: The server did not provide any stacktrace information)\nCommand duration or timeout: 16 milliseconds\nFor documentation on this error, please visit: http://seleniumhq.org/exceptions/no_such_element.html\nBuild info: version: '3.0.1', revision: '1969d75', time: '2016-10-18 09:49:13 -0700'\nSystem info: host: 'ICPL11544', ip: '10.11.31.147', os.name: 'Windows 8', os.arch: 'amd64', os.version: '6.2', java.version: '1.8.0_121'\nDriver info: com.qmetry.qaf.automation.ui.webdriver.QAFExtendedWebDriver\nCapabilities [{applicationCacheEnabled=false, rotatable=false, mobileEmulationEnabled=false, networkConnectionEnabled=false, chrome={chromedriverVersion=2.24.417431 (9aea000394714d2fbb20850021f6204f2256b9cf), userDataDir=C:\\Users\\TANVEE~1.MAH\\AppData\\Local\\Temp\\scoped_dir6328_5568}, takesHeapSnapshot=true, pageLoadStrategy=normal, databaseEnabled=false, handlesAlerts=true, hasTouchScreen=false, version=57.0.2987.133, platform=WIN8, browserConnectionEnabled=false, nativeEvents=true, acceptSslCerts=true, locationContextEnabled=true, webStorageEnabled=true, browserName=chrome, takesScreenshot=true, javascriptEnabled=true, cssSelectorsEnabled=true}]\nSession ID: 966e5b7cb399b18accf15a20a66421b8\n*** Element info: {Using=xpath, value=.//a[href='/mobiles?otracker=hp_nmenu_quicklinks_Mobiles']}",
      "subLogs": [],
      "duration": 16
    },
    {
      "commandName": "findElement",
      "args": [
        "{value=.//a[href='/mobiles?otracker=hp_nmenu_quicklinks_Mobiles'], using=xpath}"
      ],
      "result": "no such element: Unable to locate element: {\"method\":\"xpath\",\"selector\":\".//a[href='/mobiles?otracker=hp_nmenu_quicklinks_Mobiles']\"}\n  (Session info: chrome=57.0.2987.133)\n  (Driver info: chromedriver=2.24.417431 (9aea000394714d2fbb20850021f6204f2256b9cf),platform=Windows NT 6.2.9200 x86_64) (WARNING: The server did not provide any stacktrace information)\nCommand duration or timeout: 16 milliseconds\nFor documentation on this error, please visit: http://seleniumhq.org/exceptions/no_such_element.html\nBuild info: version: '3.0.1', revision: '1969d75', time: '2016-10-18 09:49:13 -0700'\nSystem info: host: 'ICPL11544', ip: '10.11.31.147', os.name: 'Windows 8', os.arch: 'amd64', os.version: '6.2', java.version: '1.8.0_121'\nDriver info: com.qmetry.qaf.automation.ui.webdriver.QAFExtendedWebDriver\nCapabilities [{applicationCacheEnabled=false, rotatable=false, mobileEmulationEnabled=false, networkConnectionEnabled=false, chrome={chromedriverVersion=2.24.417431 (9aea000394714d2fbb20850021f6204f2256b9cf), userDataDir=C:\\Users\\TANVEE~1.MAH\\AppData\\Local\\Temp\\scoped_dir6328_5568}, takesHeapSnapshot=true, pageLoadStrategy=normal, databaseEnabled=false, handlesAlerts=true, hasTouchScreen=false, version=57.0.2987.133, platform=WIN8, browserConnectionEnabled=false, nativeEvents=true, acceptSslCerts=true, locationContextEnabled=true, webStorageEnabled=true, browserName=chrome, takesScreenshot=true, javascriptEnabled=true, cssSelectorsEnabled=true}]\nSession ID: 966e5b7cb399b18accf15a20a66421b8\n*** Element info: {Using=xpath, value=.//a[href='/mobiles?otracker=hp_nmenu_quicklinks_Mobiles']}",
      "subLogs": [],
      "duration": 16
    },
    {
      "commandName": "findElement",
      "args": [
        "{value=.//a[href='/mobiles?otracker=hp_nmenu_quicklinks_Mobiles'], using=xpath}"
      ],
      "result": "no such element: Unable to locate element: {\"method\":\"xpath\",\"selector\":\".//a[href='/mobiles?otracker=hp_nmenu_quicklinks_Mobiles']\"}\n  (Session info: chrome=57.0.2987.133)\n  (Driver info: chromedriver=2.24.417431 (9aea000394714d2fbb20850021f6204f2256b9cf),platform=Windows NT 6.2.9200 x86_64) (WARNING: The server did not provide any stacktrace information)\nCommand duration or timeout: 47 milliseconds\nFor documentation on this error, please visit: http://seleniumhq.org/exceptions/no_such_element.html\nBuild info: version: '3.0.1', revision: '1969d75', time: '2016-10-18 09:49:13 -0700'\nSystem info: host: 'ICPL11544', ip: '10.11.31.147', os.name: 'Windows 8', os.arch: 'amd64', os.version: '6.2', java.version: '1.8.0_121'\nDriver info: com.qmetry.qaf.automation.ui.webdriver.QAFExtendedWebDriver\nCapabilities [{applicationCacheEnabled=false, rotatable=false, mobileEmulationEnabled=false, networkConnectionEnabled=false, chrome={chromedriverVersion=2.24.417431 (9aea000394714d2fbb20850021f6204f2256b9cf), userDataDir=C:\\Users\\TANVEE~1.MAH\\AppData\\Local\\Temp\\scoped_dir6328_5568}, takesHeapSnapshot=true, pageLoadStrategy=normal, databaseEnabled=false, handlesAlerts=true, hasTouchScreen=false, version=57.0.2987.133, platform=WIN8, browserConnectionEnabled=false, nativeEvents=true, acceptSslCerts=true, locationContextEnabled=true, webStorageEnabled=true, browserName=chrome, takesScreenshot=true, javascriptEnabled=true, cssSelectorsEnabled=true}]\nSession ID: 966e5b7cb399b18accf15a20a66421b8\n*** Element info: {Using=xpath, value=.//a[href='/mobiles?otracker=hp_nmenu_quicklinks_Mobiles']}",
      "subLogs": [],
      "duration": 47
    },
    {
      "commandName": "findElement",
      "args": [
        "{value=.//a[href='/mobiles?otracker=hp_nmenu_quicklinks_Mobiles'], using=xpath}"
      ],
      "result": "no such element: Unable to locate element: {\"method\":\"xpath\",\"selector\":\".//a[href='/mobiles?otracker=hp_nmenu_quicklinks_Mobiles']\"}\n  (Session info: chrome=57.0.2987.133)\n  (Driver info: chromedriver=2.24.417431 (9aea000394714d2fbb20850021f6204f2256b9cf),platform=Windows NT 6.2.9200 x86_64) (WARNING: The server did not provide any stacktrace information)\nCommand duration or timeout: 16 milliseconds\nFor documentation on this error, please visit: http://seleniumhq.org/exceptions/no_such_element.html\nBuild info: version: '3.0.1', revision: '1969d75', time: '2016-10-18 09:49:13 -0700'\nSystem info: host: 'ICPL11544', ip: '10.11.31.147', os.name: 'Windows 8', os.arch: 'amd64', os.version: '6.2', java.version: '1.8.0_121'\nDriver info: com.qmetry.qaf.automation.ui.webdriver.QAFExtendedWebDriver\nCapabilities [{applicationCacheEnabled=false, rotatable=false, mobileEmulationEnabled=false, networkConnectionEnabled=false, chrome={chromedriverVersion=2.24.417431 (9aea000394714d2fbb20850021f6204f2256b9cf), userDataDir=C:\\Users\\TANVEE~1.MAH\\AppData\\Local\\Temp\\scoped_dir6328_5568}, takesHeapSnapshot=true, pageLoadStrategy=normal, databaseEnabled=false, handlesAlerts=true, hasTouchScreen=false, version=57.0.2987.133, platform=WIN8, browserConnectionEnabled=false, nativeEvents=true, acceptSslCerts=true, locationContextEnabled=true, webStorageEnabled=true, browserName=chrome, takesScreenshot=true, javascriptEnabled=true, cssSelectorsEnabled=true}]\nSession ID: 966e5b7cb399b18accf15a20a66421b8\n*** Element info: {Using=xpath, value=.//a[href='/mobiles?otracker=hp_nmenu_quicklinks_Mobiles']}",
      "subLogs": [],
      "duration": 16
    },
    {
      "commandName": "findElement",
      "args": [
        "{value=.//a[href='/mobiles?otracker=hp_nmenu_quicklinks_Mobiles'], using=xpath}"
      ],
      "result": "no such element: Unable to locate element: {\"method\":\"xpath\",\"selector\":\".//a[href='/mobiles?otracker=hp_nmenu_quicklinks_Mobiles']\"}\n  (Session info: chrome=57.0.2987.133)\n  (Driver info: chromedriver=2.24.417431 (9aea000394714d2fbb20850021f6204f2256b9cf),platform=Windows NT 6.2.9200 x86_64) (WARNING: The server did not provide any stacktrace information)\nCommand duration or timeout: 16 milliseconds\nFor documentation on this error, please visit: http://seleniumhq.org/exceptions/no_such_element.html\nBuild info: version: '3.0.1', revision: '1969d75', time: '2016-10-18 09:49:13 -0700'\nSystem info: host: 'ICPL11544', ip: '10.11.31.147', os.name: 'Windows 8', os.arch: 'amd64', os.version: '6.2', java.version: '1.8.0_121'\nDriver info: com.qmetry.qaf.automation.ui.webdriver.QAFExtendedWebDriver\nCapabilities [{applicationCacheEnabled=false, rotatable=false, mobileEmulationEnabled=false, networkConnectionEnabled=false, chrome={chromedriverVersion=2.24.417431 (9aea000394714d2fbb20850021f6204f2256b9cf), userDataDir=C:\\Users\\TANVEE~1.MAH\\AppData\\Local\\Temp\\scoped_dir6328_5568}, takesHeapSnapshot=true, pageLoadStrategy=normal, databaseEnabled=false, handlesAlerts=true, hasTouchScreen=false, version=57.0.2987.133, platform=WIN8, browserConnectionEnabled=false, nativeEvents=true, acceptSslCerts=true, locationContextEnabled=true, webStorageEnabled=true, browserName=chrome, takesScreenshot=true, javascriptEnabled=true, cssSelectorsEnabled=true}]\nSession ID: 966e5b7cb399b18accf15a20a66421b8\n*** Element info: {Using=xpath, value=.//a[href='/mobiles?otracker=hp_nmenu_quicklinks_Mobiles']}",
      "subLogs": [],
      "duration": 16
    },
    {
      "commandName": "findElement",
      "args": [
        "{value=.//a[href='/mobiles?otracker=hp_nmenu_quicklinks_Mobiles'], using=xpath}"
      ],
      "result": "no such element: Unable to locate element: {\"method\":\"xpath\",\"selector\":\".//a[href='/mobiles?otracker=hp_nmenu_quicklinks_Mobiles']\"}\n  (Session info: chrome=57.0.2987.133)\n  (Driver info: chromedriver=2.24.417431 (9aea000394714d2fbb20850021f6204f2256b9cf),platform=Windows NT 6.2.9200 x86_64) (WARNING: The server did not provide any stacktrace information)\nCommand duration or timeout: 3 milliseconds\nFor documentation on this error, please visit: http://seleniumhq.org/exceptions/no_such_element.html\nBuild info: version: '3.0.1', revision: '1969d75', time: '2016-10-18 09:49:13 -0700'\nSystem info: host: 'ICPL11544', ip: '10.11.31.147', os.name: 'Windows 8', os.arch: 'amd64', os.version: '6.2', java.version: '1.8.0_121'\nDriver info: com.qmetry.qaf.automation.ui.webdriver.QAFExtendedWebDriver\nCapabilities [{applicationCacheEnabled=false, rotatable=false, mobileEmulationEnabled=false, networkConnectionEnabled=false, chrome={chromedriverVersion=2.24.417431 (9aea000394714d2fbb20850021f6204f2256b9cf), userDataDir=C:\\Users\\TANVEE~1.MAH\\AppData\\Local\\Temp\\scoped_dir6328_5568}, takesHeapSnapshot=true, pageLoadStrategy=normal, databaseEnabled=false, handlesAlerts=true, hasTouchScreen=false, version=57.0.2987.133, platform=WIN8, browserConnectionEnabled=false, nativeEvents=true, acceptSslCerts=true, locationContextEnabled=true, webStorageEnabled=true, browserName=chrome, takesScreenshot=true, javascriptEnabled=true, cssSelectorsEnabled=true}]\nSession ID: 966e5b7cb399b18accf15a20a66421b8\n*** Element info: {Using=xpath, value=.//a[href='/mobiles?otracker=hp_nmenu_quicklinks_Mobiles']}",
      "subLogs": [],
      "duration": 3
    },
    {
      "commandName": "findElement",
      "args": [
        "{value=.//a[href='/mobiles?otracker=hp_nmenu_quicklinks_Mobiles'], using=xpath}"
      ],
      "result": "no such element: Unable to locate element: {\"method\":\"xpath\",\"selector\":\".//a[href='/mobiles?otracker=hp_nmenu_quicklinks_Mobiles']\"}\n  (Session info: chrome=57.0.2987.133)\n  (Driver info: chromedriver=2.24.417431 (9aea000394714d2fbb20850021f6204f2256b9cf),platform=Windows NT 6.2.9200 x86_64) (WARNING: The server did not provide any stacktrace information)\nCommand duration or timeout: 0 milliseconds\nFor documentation on this error, please visit: http://seleniumhq.org/exceptions/no_such_element.html\nBuild info: version: '3.0.1', revision: '1969d75', time: '2016-10-18 09:49:13 -0700'\nSystem info: host: 'ICPL11544', ip: '10.11.31.147', os.name: 'Windows 8', os.arch: 'amd64', os.version: '6.2', java.version: '1.8.0_121'\nDriver info: com.qmetry.qaf.automation.ui.webdriver.QAFExtendedWebDriver\nCapabilities [{applicationCacheEnabled=false, rotatable=false, mobileEmulationEnabled=false, networkConnectionEnabled=false, chrome={chromedriverVersion=2.24.417431 (9aea000394714d2fbb20850021f6204f2256b9cf), userDataDir=C:\\Users\\TANVEE~1.MAH\\AppData\\Local\\Temp\\scoped_dir6328_5568}, takesHeapSnapshot=true, pageLoadStrategy=normal, databaseEnabled=false, handlesAlerts=true, hasTouchScreen=false, version=57.0.2987.133, platform=WIN8, browserConnectionEnabled=false, nativeEvents=true, acceptSslCerts=true, locationContextEnabled=true, webStorageEnabled=true, browserName=chrome, takesScreenshot=true, javascriptEnabled=true, cssSelectorsEnabled=true}]\nSession ID: 966e5b7cb399b18accf15a20a66421b8\n*** Element info: {Using=xpath, value=.//a[href='/mobiles?otracker=hp_nmenu_quicklinks_Mobiles']}",
      "subLogs": [],
      "duration": 16
    },
    {
      "commandName": "findElement",
      "args": [
        "{value=.//a[href='/mobiles?otracker=hp_nmenu_quicklinks_Mobiles'], using=xpath}"
      ],
      "result": "no such element: Unable to locate element: {\"method\":\"xpath\",\"selector\":\".//a[href='/mobiles?otracker=hp_nmenu_quicklinks_Mobiles']\"}\n  (Session info: chrome=57.0.2987.133)\n  (Driver info: chromedriver=2.24.417431 (9aea000394714d2fbb20850021f6204f2256b9cf),platform=Windows NT 6.2.9200 x86_64) (WARNING: The server did not provide any stacktrace information)\nCommand duration or timeout: 16 milliseconds\nFor documentation on this error, please visit: http://seleniumhq.org/exceptions/no_such_element.html\nBuild info: version: '3.0.1', revision: '1969d75', time: '2016-10-18 09:49:13 -0700'\nSystem info: host: 'ICPL11544', ip: '10.11.31.147', os.name: 'Windows 8', os.arch: 'amd64', os.version: '6.2', java.version: '1.8.0_121'\nDriver info: com.qmetry.qaf.automation.ui.webdriver.QAFExtendedWebDriver\nCapabilities [{applicationCacheEnabled=false, rotatable=false, mobileEmulationEnabled=false, networkConnectionEnabled=false, chrome={chromedriverVersion=2.24.417431 (9aea000394714d2fbb20850021f6204f2256b9cf), userDataDir=C:\\Users\\TANVEE~1.MAH\\AppData\\Local\\Temp\\scoped_dir6328_5568}, takesHeapSnapshot=true, pageLoadStrategy=normal, databaseEnabled=false, handlesAlerts=true, hasTouchScreen=false, version=57.0.2987.133, platform=WIN8, browserConnectionEnabled=false, nativeEvents=true, acceptSslCerts=true, locationContextEnabled=true, webStorageEnabled=true, browserName=chrome, takesScreenshot=true, javascriptEnabled=true, cssSelectorsEnabled=true}]\nSession ID: 966e5b7cb399b18accf15a20a66421b8\n*** Element info: {Using=xpath, value=.//a[href='/mobiles?otracker=hp_nmenu_quicklinks_Mobiles']}",
      "subLogs": [],
      "duration": 16
    },
    {
      "commandName": "findElement",
      "args": [
        "{value=.//a[href='/mobiles?otracker=hp_nmenu_quicklinks_Mobiles'], using=xpath}"
      ],
      "result": "no such element: Unable to locate element: {\"method\":\"xpath\",\"selector\":\".//a[href='/mobiles?otracker=hp_nmenu_quicklinks_Mobiles']\"}\n  (Session info: chrome=57.0.2987.133)\n  (Driver info: chromedriver=2.24.417431 (9aea000394714d2fbb20850021f6204f2256b9cf),platform=Windows NT 6.2.9200 x86_64) (WARNING: The server did not provide any stacktrace information)\nCommand duration or timeout: 11 milliseconds\nFor documentation on this error, please visit: http://seleniumhq.org/exceptions/no_such_element.html\nBuild info: version: '3.0.1', revision: '1969d75', time: '2016-10-18 09:49:13 -0700'\nSystem info: host: 'ICPL11544', ip: '10.11.31.147', os.name: 'Windows 8', os.arch: 'amd64', os.version: '6.2', java.version: '1.8.0_121'\nDriver info: com.qmetry.qaf.automation.ui.webdriver.QAFExtendedWebDriver\nCapabilities [{applicationCacheEnabled=false, rotatable=false, mobileEmulationEnabled=false, networkConnectionEnabled=false, chrome={chromedriverVersion=2.24.417431 (9aea000394714d2fbb20850021f6204f2256b9cf), userDataDir=C:\\Users\\TANVEE~1.MAH\\AppData\\Local\\Temp\\scoped_dir6328_5568}, takesHeapSnapshot=true, pageLoadStrategy=normal, databaseEnabled=false, handlesAlerts=true, hasTouchScreen=false, version=57.0.2987.133, platform=WIN8, browserConnectionEnabled=false, nativeEvents=true, acceptSslCerts=true, locationContextEnabled=true, webStorageEnabled=true, browserName=chrome, takesScreenshot=true, javascriptEnabled=true, cssSelectorsEnabled=true}]\nSession ID: 966e5b7cb399b18accf15a20a66421b8\n*** Element info: {Using=xpath, value=.//a[href='/mobiles?otracker=hp_nmenu_quicklinks_Mobiles']}",
      "subLogs": [],
      "duration": 11
    },
    {
      "commandName": "findElement",
      "args": [
        "{value=.//a[href='/mobiles?otracker=hp_nmenu_quicklinks_Mobiles'], using=xpath}"
      ],
      "result": "no such element: Unable to locate element: {\"method\":\"xpath\",\"selector\":\".//a[href='/mobiles?otracker=hp_nmenu_quicklinks_Mobiles']\"}\n  (Session info: chrome=57.0.2987.133)\n  (Driver info: chromedriver=2.24.417431 (9aea000394714d2fbb20850021f6204f2256b9cf),platform=Windows NT 6.2.9200 x86_64) (WARNING: The server did not provide any stacktrace information)\nCommand duration or timeout: 15 milliseconds\nFor documentation on this error, please visit: http://seleniumhq.org/exceptions/no_such_element.html\nBuild info: version: '3.0.1', revision: '1969d75', time: '2016-10-18 09:49:13 -0700'\nSystem info: host: 'ICPL11544', ip: '10.11.31.147', os.name: 'Windows 8', os.arch: 'amd64', os.version: '6.2', java.version: '1.8.0_121'\nDriver info: com.qmetry.qaf.automation.ui.webdriver.QAFExtendedWebDriver\nCapabilities [{applicationCacheEnabled=false, rotatable=false, mobileEmulationEnabled=false, networkConnectionEnabled=false, chrome={chromedriverVersion=2.24.417431 (9aea000394714d2fbb20850021f6204f2256b9cf), userDataDir=C:\\Users\\TANVEE~1.MAH\\AppData\\Local\\Temp\\scoped_dir6328_5568}, takesHeapSnapshot=true, pageLoadStrategy=normal, databaseEnabled=false, handlesAlerts=true, hasTouchScreen=false, version=57.0.2987.133, platform=WIN8, browserConnectionEnabled=false, nativeEvents=true, acceptSslCerts=true, locationContextEnabled=true, webStorageEnabled=true, browserName=chrome, takesScreenshot=true, javascriptEnabled=true, cssSelectorsEnabled=true}]\nSession ID: 966e5b7cb399b18accf15a20a66421b8\n*** Element info: {Using=xpath, value=.//a[href='/mobiles?otracker=hp_nmenu_quicklinks_Mobiles']}",
      "subLogs": [],
      "duration": 15
    },
    {
      "commandName": "findElement",
      "args": [
        "{value=.//a[href='/mobiles?otracker=hp_nmenu_quicklinks_Mobiles'], using=xpath}"
      ],
      "result": "no such element: Unable to locate element: {\"method\":\"xpath\",\"selector\":\".//a[href='/mobiles?otracker=hp_nmenu_quicklinks_Mobiles']\"}\n  (Session info: chrome=57.0.2987.133)\n  (Driver info: chromedriver=2.24.417431 (9aea000394714d2fbb20850021f6204f2256b9cf),platform=Windows NT 6.2.9200 x86_64) (WARNING: The server did not provide any stacktrace information)\nCommand duration or timeout: 16 milliseconds\nFor documentation on this error, please visit: http://seleniumhq.org/exceptions/no_such_element.html\nBuild info: version: '3.0.1', revision: '1969d75', time: '2016-10-18 09:49:13 -0700'\nSystem info: host: 'ICPL11544', ip: '10.11.31.147', os.name: 'Windows 8', os.arch: 'amd64', os.version: '6.2', java.version: '1.8.0_121'\nDriver info: com.qmetry.qaf.automation.ui.webdriver.QAFExtendedWebDriver\nCapabilities [{applicationCacheEnabled=false, rotatable=false, mobileEmulationEnabled=false, networkConnectionEnabled=false, chrome={chromedriverVersion=2.24.417431 (9aea000394714d2fbb20850021f6204f2256b9cf), userDataDir=C:\\Users\\TANVEE~1.MAH\\AppData\\Local\\Temp\\scoped_dir6328_5568}, takesHeapSnapshot=true, pageLoadStrategy=normal, databaseEnabled=false, handlesAlerts=true, hasTouchScreen=false, version=57.0.2987.133, platform=WIN8, browserConnectionEnabled=false, nativeEvents=true, acceptSslCerts=true, locationContextEnabled=true, webStorageEnabled=true, browserName=chrome, takesScreenshot=true, javascriptEnabled=true, cssSelectorsEnabled=true}]\nSession ID: 966e5b7cb399b18accf15a20a66421b8\n*** Element info: {Using=xpath, value=.//a[href='/mobiles?otracker=hp_nmenu_quicklinks_Mobiles']}",
      "subLogs": [],
      "duration": 16
    },
    {
      "commandName": "clickElement",
      "args": [
        "By.xpath: .//a[href='/mobiles?otracker=hp_nmenu_quicklinks_Mobiles']",
        "{\"id\":\"-1\"}"
      ],
      "result": "Expected condition failed: waiting for presence of element located by: By.xpath: .//a[href='/mobiles?otracker=hp_nmenu_quicklinks_Mobiles'] (tried for 30 second(s) with 1000 MILLISECONDS interval)\nBuild info: version: '3.0.1', revision: '1969d75', time: '2016-10-18 09:49:13 -0700'\nSystem info: host: 'ICPL11544', ip: '10.11.31.147', os.name: 'Windows 8', os.arch: 'amd64', os.version: '6.2', java.version: '1.8.0_121'\nDriver info: driver.version: QAFExtendedWebDriver",
      "subLogs": [],
      "duration": 1195155014
    }
  ],
  "checkPoints": [
    {
      "message": "Expected condition failed: waiting for presence of element located by: By.xpath: .//a[href='/mobiles?otracker=hp_nmenu_quicklinks_Mobiles'] (tried for 30 second(s) with 1000 MILLISECONDS interval)\nBuild info: version: '3.0.1', revision: '1969d75', time: '2016-10-18 09:49:13 -0700'\nSystem info: host: 'ICPL11544', ip: '10.11.31.147', os.name: 'Windows 8', os.arch: 'amd64', os.version: '6.2', java.version: '1.8.0_121'\nDriver info: driver.version: QAFExtendedWebDriver",
      "type": "Fail",
      "screenshot": "",
      "duration": 0,
      "threshold": 0,
      "subCheckPoints": []
    }
  ],
  "errorTrace": "org.openqa.selenium.TimeoutException: Expected condition failed: waiting for presence of element located by: By.xpath: .//a[href='/mobiles?otracker=hp_nmenu_quicklinks_Mobiles'] (tried for 30 second(s) with 1000 MILLISECONDS interval)\nBuild info: version: '3.0.1', revision: '1969d75', time: '2016-10-18 09:49:13 -0700'\nSystem info: host: 'ICPL11544', ip: '10.11.31.147', os.name: 'Windows 8', os.arch: 'amd64', os.version: '6.2', java.version: '1.8.0_121'\nDriver info: driver.version: QAFExtendedWebDriver\r\n\tat org.openqa.selenium.support.ui.FluentWait.timeoutException(FluentWait.java:296)\r\n\tat org.openqa.selenium.support.ui.FluentWait.until(FluentWait.java:265)\r\n\tat com.qmetry.qaf.automation.ui.webdriver.QAFExtendedWebDriver.load(QAFExtendedWebDriver.java:214)\r\n\tat com.qmetry.qaf.automation.ui.webdriver.QAFExtendedWebElement.load(QAFExtendedWebElement.java:284)\r\n\tat com.qmetry.qaf.automation.ui.webdriver.QAFExtendedWebElement.execute(QAFExtendedWebElement.java:239)\r\n\tat org.openqa.selenium.remote.RemoteWebElement.click(RemoteWebElement.java:84)\r\n\tat com.flipcart.FlipcartTestPage.getDetails(FlipcartTestPage.java:37)\r\n\tat com.flipcart.Flipcart.scenario2(Flipcart.java:10)\r\n\tat sun.reflect.NativeMethodAccessorImpl.invoke0(Native Method)\r\n\tat sun.reflect.NativeMethodAccessorImpl.invoke(Unknown Source)\r\n\tat sun.reflect.DelegatingMethodAccessorImpl.invoke(Unknown Source)\r\n\tat java.lang.reflect.Method.invoke(Unknown Source)\r\n\tat org.testng.internal.MethodInvocationHelper.invokeMethod(MethodInvocationHelper.java:86)\r\n\tat org.testng.internal.Invoker.invokeMethod(Invoker.java:643)\r\n\tat org.testng.internal.Invoker.invokeTestMethod(Invoker.java:820)\r\n\tat org.testng.internal.Invoker.invokeTestMethods(Invoker.java:1128)\r\n\tat org.testng.internal.TestMethodWorker.invokeTestMethods(TestMethodWorker.java:129)\r\n\tat org.testng.internal.TestMethodWorker.run(TestMethodWorker.java:112)\r\n\tat org.testng.TestRunner.privateRun(TestRunner.java:806)\r\n\tat org.testng.TestRunner.run(TestRunner.java:656)\r\n\tat org.testng.SuiteRunner.runTest(SuiteRunner.java:366)\r\n\tat org.testng.SuiteRunner.runSequentially(SuiteRunner.java:361)\r\n\tat org.testng.SuiteRunner.privateRun(SuiteRunner.java:319)\r\n\tat org.testng.SuiteRunner.run(SuiteRunner.java:268)\r\n\tat org.testng.SuiteRunnerWorker.runSuite(SuiteRunnerWorker.java:52)\r\n\tat org.testng.SuiteRunnerWorker.run(SuiteRunnerWorker.java:86)\r\n\tat org.testng.TestNG.runSuitesSequentially(TestNG.java:1244)\r\n\tat org.testng.TestNG.runSuitesLocally(TestNG.java:1169)\r\n\tat org.testng.TestNG.run(TestNG.java:1064)\r\n\tat org.testng.remote.AbstractRemoteTestNG.run(AbstractRemoteTestNG.java:132)\r\n\tat org.testng.remote.RemoteTestNG.initAndRun(RemoteTestNG.java:236)\r\n\tat org.testng.remote.RemoteTestNG.main(RemoteTestNG.java:81)\r\nCaused by: org.openqa.selenium.NoSuchElementException: no such element: Unable to locate element: {\"method\":\"xpath\",\"selector\":\".//a[href='/mobiles?otracker=hp_nmenu_quicklinks_Mobiles']\"}\n  (Session info: chrome=57.0.2987.133)\n  (Driver info: chromedriver=2.24.417431 (9aea000394714d2fbb20850021f6204f2256b9cf),platform=Windows NT 6.2.9200 x86_64) (WARNING: The server did not provide any stacktrace information)\nCommand duration or timeout: 16 milliseconds\nFor documentation on this error, please visit: http://seleniumhq.org/exceptions/no_such_element.html\nBuild info: version: '3.0.1', revision: '1969d75', time: '2016-10-18 09:49:13 -0700'\nSystem info: host: 'ICPL11544', ip: '10.11.31.147', os.name: 'Windows 8', os.arch: 'amd64', os.version: '6.2', java.version: '1.8.0_121'\nDriver info: com.qmetry.qaf.automation.ui.webdriver.QAFExtendedWebDriver\nCapabilities [{applicationCacheEnabled=false, rotatable=false, mobileEmulationEnabled=false, networkConnectionEnabled=false, chrome={chromedriverVersion=2.24.417431 (9aea000394714d2fbb20850021f6204f2256b9cf), userDataDir=C:\\Users\\TANVEE~1.MAH\\AppData\\Local\\Temp\\scoped_dir6328_5568}, takesHeapSnapshot=true, pageLoadStrategy=normal, databaseEnabled=false, handlesAlerts=true, hasTouchScreen=false, version=57.0.2987.133, platform=WIN8, browserConnectionEnabled=false, nativeEvents=true, acceptSslCerts=true, locationContextEnabled=true, webStorageEnabled=true, browserName=chrome, takesScreenshot=true, javascriptEnabled=true, cssSelectorsEnabled=true}]\nSession ID: 966e5b7cb399b18accf15a20a66421b8\n*** Element info: {Using=xpath, value=.//a[href='/mobiles?otracker=hp_nmenu_quicklinks_Mobiles']}\r\n\tat sun.reflect.GeneratedConstructorAccessor11.newInstance(Unknown Source)\r\n\tat sun.reflect.DelegatingConstructorAccessorImpl.newInstance(Unknown Source)\r\n\tat java.lang.reflect.Constructor.newInstance(Unknown Source)\r\n\tat org.openqa.selenium.remote.ErrorHandler.createThrowable(ErrorHandler.java:216)\r\n\tat org.openqa.selenium.remote.ErrorHandler.throwIfResponseFailed(ErrorHandler.java:168)\r\n\tat org.openqa.selenium.remote.RemoteWebDriver.execute(RemoteWebDriver.java:635)\r\n\tat com.qmetry.qaf.automation.ui.webdriver.QAFExtendedWebDriver.execute(QAFExtendedWebDriver.java:234)\r\n\tat org.openqa.selenium.remote.RemoteWebDriver.findElement(RemoteWebDriver.java:368)\r\n\tat org.openqa.selenium.remote.RemoteWebDriver.findElementByXPath(RemoteWebDriver.java:473)\r\n\tat com.qmetry.qaf.automation.ui.webdriver.QAFExtendedWebDriver.findElementByXPath(QAFExtendedWebDriver.java:398)\r\n\tat com.qmetry.qaf.automation.ui.webdriver.QAFExtendedWebDriver.findElementByXPath(QAFExtendedWebDriver.java:1)\r\n\tat org.openqa.selenium.By$ByXPath.findElement(By.java:361)\r\n\tat org.openqa.selenium.remote.RemoteWebDriver.findElement(RemoteWebDriver.java:360)\r\n\tat com.qmetry.qaf.automation.ui.webdriver.QAFExtendedWebDriver.findElement(QAFExtendedWebDriver.java:169)\r\n\tat com.qmetry.qaf.automation.ui.webdriver.QAFExtendedWebDriver.findElement(QAFExtendedWebDriver.java:1)\r\n\tat org.openqa.selenium.support.ui.ExpectedConditions.findElement(ExpectedConditions.java:895)\r\n\tat org.openqa.selenium.support.ui.ExpectedConditions.access$000(ExpectedConditions.java:41)\r\n\tat org.openqa.selenium.support.ui.ExpectedConditions$6.apply(ExpectedConditions.java:181)\r\n\tat org.openqa.selenium.support.ui.ExpectedConditions$6.apply(ExpectedConditions.java:178)\r\n\tat org.openqa.selenium.support.ui.FluentWait.until(FluentWait.java:238)\r\n\t... 30 more\r\n"
}